C51 COMPILER V9.00   CONSOLE                                                               06/12/2020 10:50:51 PAGE 1   


C51 COMPILER V9.00, COMPILATION OF MODULE CONSOLE
OBJECT MODULE PLACED IN ..\obj\console.obj
COMPILER INVOKED BY: D:\Program Files\KEILC51\files\C51\BIN\C51.EXE ..\..\user\console.c BROWSE DEBUG OBJECTEXTEND PRINT
                    -(.\console.lst) TABS(2) OBJECT(..\obj\console.obj)

line level    source

   1          /**
   2            ******************************************************************************
   3            * @file    
   4            * @author  
   5            * @version 
   6            * @date   
   7            * @brief 
   8            ******************************************************************************  
   9            * 
  10            * 
  11            ******************************************************************************
  12            */
  13          /*-- includes ----------------------------------------------------------------*/
  14          #include "./console.h"
  15          
  16          
  17          /*-- defined -----------------------------------------------------------------*/
  18          #define      DB_LOG(x)             LOG("[CONSOLE]");LOG(x)
  19          
  20          
  21          
  22          
  23          /*-- private variables -------------------------------------------------------*/
  24          
  25          
  26          
  27          
  28          /*-- functions ---------------------------------------------------------------*/
  29          
  30          
  31          /**           
  32            * @brief            
  33            * @param    
  34            * @return  
  35            * @note
  36            */
  37          void  console_task (void)  _task_   CONSOLE_TASK_PRIORITY
  38          {
  39   1      
  40   1      
  41   1        while(1)
  42   1        {
  43   2        
  44   2        }
  45   1      }
  46          
  47          /*---------------------- end of file -----------------------------------------*/


MODULE INFORMATION:   STATIC OVERLAYABLE
   CODE SIZE        =      2    ----
   CONSTANT SIZE    =   ----    ----
   XDATA SIZE       =   ----    ----
   PDATA SIZE       =   ----    ----
C51 COMPILER V9.00   CONSOLE                                                               06/12/2020 10:50:51 PAGE 2   

   DATA SIZE        =   ----    ----
   IDATA SIZE       =   ----    ----
   BIT SIZE         =   ----    ----
END OF MODULE INFORMATION.


C51 COMPILATION COMPLETE.  0 WARNING(S),  0 ERROR(S)
