C51 COMPILER V9.00   MAIN                                                                  06/10/2020 15:55:34 PAGE 1   


C51 COMPILER V9.00, COMPILATION OF MODULE MAIN
OBJECT MODULE PLACED IN ..\obj\main.obj
COMPILER INVOKED BY: D:\Program Files\KEILC51\files\C51\BIN\C51.EXE ..\..\user\main.c BROWSE DEBUG OBJECTEXTEND PRINT(.\
                    -main.lst) TABS(2) OBJECT(..\obj\main.obj)

line level    source

   1          /**
   2            ******************************************************************************
   3            * @file         main.c
   4            * @author       ZRT
   5            * @version      V1.0
   6            * @date         20200605
   7            * @brief   
   8            ******************************************************************************  
   9            * 
  10            * 
  11            ******************************************************************************
  12            */
  13          /*-- includes ----------------------------------------------------------------*/
  14          #include "./main.h"
  15          #include "./system.h"
  16          #include "./led.h"
  17          #include "./button.h"
  18                
  19          
  20          /*-- defined -----------------------------------------------------------------*/
  21          #define          DB_LOG(x)         LOG("[MAIN]");LOG(x)
  22          
  23          
  24          /*-- private variables -------------------------------------------------------*/
  25          static  volatile   tick_size_t DATA _sysTickCnt = 0;   
  26          
  27          
  28          /*-- functions ---------------------------------------------------------------*/
  29          /**           
  30            * @brief            
  31            * @param    
  32            * @return  
  33            * @note
  34            */
  35          void   _systick_increase(void)
  36          {
  37   1        _sysTickCnt++;
  38   1      }
  39          
  40          
  41          /**           
  42            * @brief            
  43            * @param    
  44            * @return  
  45            * @note
  46            */
  47          u8_t   get_systick(void)
  48          {
  49   1        return  _sysTickCnt;
  50   1      }
  51          
  52          
  53          
  54          /**           
C51 COMPILER V9.00   MAIN                                                                  06/10/2020 15:55:34 PAGE 2   

  55            * @brief            
  56            * @param    
  57            * @return  
  58            * @note
  59            */
  60          void  startup_task (void)  _task_   STARTUP_TASK_PRIORITY
  61          {   
  62   1        mcu_init();
  63   1        DB_LOG("Mcu init ok.\r\n");
  64   1      
  65   1        os_create_task (BUTTON_TASK_PRIORITY);     /* Create button Task */
  66   1        os_create_task (LED_TASK_PRIORITY);        /* Create led Task */
  67   1      
  68   1        os_delete_task (STARTUP_TASK_PRIORITY);    /* Delete the Startup Task */
  69   1      }
  70          
  71          
  72          /*---------------------- end of file -----------------------------------------*/
  73          
  74          
  75          


MODULE INFORMATION:   STATIC OVERLAYABLE
   CODE SIZE        =     42    ----
   CONSTANT SIZE    =     22    ----
   XDATA SIZE       =   ----    ----
   PDATA SIZE       =   ----    ----
   DATA SIZE        =      1    ----
   IDATA SIZE       =   ----    ----
   BIT SIZE         =   ----    ----
END OF MODULE INFORMATION.


C51 COMPILATION COMPLETE.  0 WARNING(S),  0 ERROR(S)
