C51 COMPILER V9.00   MCU_IT                                                                06/10/2020 15:52:17 PAGE 1   


C51 COMPILER V9.00, COMPILATION OF MODULE MCU_IT
OBJECT MODULE PLACED IN ..\obj\mcu_it.obj
COMPILER INVOKED BY: D:\Program Files\KEILC51\files\C51\BIN\C51.EXE ..\..\mcu\mcu_it.c BROWSE DEBUG OBJECTEXTEND PRINT(.
                    -\mcu_it.lst) TABS(2) OBJECT(..\obj\mcu_it.obj)

line level    source

   1                               /**
   2            ******************************************************************************
   3            * @file    
   4            * @author  
   5            * @version 
   6            * @date   
   7            * @brief   
   8            ******************************************************************************  
   9            * 
  10            * 
  11            ******************************************************************************
  12            */
  13          /*-- includes ----------------------------------------------------------------*/
  14          #include "./mcu_it.h"
  15          
  16          /*-- defined -----------------------------------------------------------------*/
  17          
  18          /*-- private variables -------------------------------------------------------*/
  19          
  20          
  21          
  22          
  23          
  24          /*-- functions ---------------------------------------------------------------*/
  25          
  26          /**           
  27            * @brief            
  28            * @param    
  29            * @return  
  30            * @note
  31            */
  32          
  33          
  34          
  35          
  36          
  37          
  38          
  39          
  40          
  41          /*---------------------- end of file -----------------------------------------*/


MODULE INFORMATION:   STATIC OVERLAYABLE
   CODE SIZE        =   ----    ----
   CONSTANT SIZE    =   ----    ----
   XDATA SIZE       =   ----    ----
   PDATA SIZE       =   ----    ----
   DATA SIZE        =   ----    ----
   IDATA SIZE       =   ----    ----
   BIT SIZE         =   ----    ----
END OF MODULE INFORMATION.


C51 COMPILATION COMPLETE.  0 WARNING(S),  0 ERROR(S)
