C51 COMPILER V9.00   MSG_QUEUE                                                             06/17/2020 10:18:50 PAGE 1   


C51 COMPILER V9.00, COMPILATION OF MODULE MSG_QUEUE
OBJECT MODULE PLACED IN ..\obj\msg_queue.obj
COMPILER INVOKED BY: D:\Program Files\KEILC51\files\C51\BIN\C51.EXE ..\..\common\msg_queue.c BROWSE DEBUG OBJECTEXTEND L
                    -ISTINCLUDE SYMBOLS PRINT(.\msg_queue.lst) TABS(2) OBJECT(..\obj\msg_queue.obj)

line level    source

   1          /**
   2            ******************************************************************************
   3            * @file    
   4            * @author   
   5            * @version  
   6            * @date     
   7            * @attention  
   8            * @warning  
   9            ******************************************************************************  
  10            * 
  11            * 
  12            ******************************************************************************
  13            */
  14          /*-- includes ----------------------------------------------------------------*/
  15          #include "./msg_queue.h"
   1      =1  /**
   2      =1    ******************************************************************************
   3      =1    * @file    
   4      =1    * @author  
   5      =1    * @version 
   6      =1    * @date   
   7      =1    * @brief   
   8      =1    ******************************************************************************  
   9      =1    * 
  10      =1    * 
  11      =1    ******************************************************************************
  12      =1    */
  13      =1  #ifndef  MSG_QUEUE_H
  14      =1  #define  MSG_QUEUE_H
  15      =1  
  16      =1  /*-- includes ----------------------------------------------------------------*/
  17      =1  #include "../includes/_sys_std.h"
   1      =2  /**
   2      =2    ******************************************************************************
   3      =2    * @file    
   4      =2    * @author  
   5      =2    * @version 
   6      =2    * @date   
   7      =2    * @brief   
   8      =2    ******************************************************************************  
   9      =2    * 
  10      =2    * 
  11      =2    ******************************************************************************
  12      =2    */
  13      =2  #ifndef  _SYS_STD_H
  14      =2  #define  _SYS_STD_H
  15      =2  
  16      =2  
  17      =2  /* C++支持 */
  18      =2  #ifdef __cplusplus
           =2 extern "C" {
           =2 #endif
  21      =2   
  22      =2  
C51 COMPILER V9.00   MSG_QUEUE                                                             06/17/2020 10:18:50 PAGE 2   

  23      =2  
  24      =2  /*!< Signed integer types  */
  25      =2  typedef         signed char             s8_t;
  26      =2  typedef         signed int              s16_t;
  27      =2  typedef         signed long             s32_t;
  28      =2  
  29      =2  /*!< Unsigned integer types  */
  30      =2  typedef         unsigned char           u8_t;
  31      =2  typedef         unsigned int            u16_t;
  32      =2  typedef         unsigned long           u32_t;
  33      =2  
  34      =2  
  35      =2  
  36      =2  #define       XDATA    xdata
  37      =2  #define       IDATA    idata
  38      =2  #define       BDATA    bdata
  39      =2  #define       DATA     data
  40      =2  #define       CODE     code
  41      =2  
  42      =2  
  43      =2  /* 把宏参数变为一个字符串 */
  44      =2  #define     _STRING(x)                  #x
  45      =2  #define     STRING(x)                   _STRING(x)
  46      =2  
  47      =2  /* 把宏参数连接在一起 */
  48      =2  #define     _CONNECT_MACRO(x,y)         x##y
  49      =2  #define     CONNECT_MACRO(x,y)          _CONNECT_MACRO(x,y)
  50      =2  
  51      =2  
  52      =2  
  53      =2  /* 状态类型 */
  54      =2  typedef  enum
  55      =2  {
  56      =2    OPERATE_OK  = 0,
  57      =2    OPERATE_BUSY,
  58      =2    OPERATE_TIMEOUT,
  59      =2    OPERATE_FAIL,
  60      =2  }OpsStatus;
  61      =2  
  62      =2  
  63      =2  #ifndef  _IN_LINE_
  64      =2    #define  _IN_LINE_   inline
  65      =2  #endif
  66      =2  
  67      =2  #ifndef   BOOL
  68      =2    #define   BOOL      bool
  69      =2  #endif
  70      =2  
  71      =2  #ifndef   NULL
  72      =2    #define   NULL     (void*)0
  73      =2  #endif
  74      =2  
  75      =2  
  76      =2  #ifndef  TRUE
  77      =2    #define   TRUE    1
  78      =2  #endif
  79      =2  
  80      =2  #ifndef  FALSE
  81      =2    #define   FALSE    0
  82      =2  #endif
  83      =2  
  84      =2  /* 纯虚函数关键字 */
C51 COMPILER V9.00   MSG_QUEUE                                                             06/17/2020 10:18:50 PAGE 3   

  85      =2  #ifndef   VIRTUAL
  86      =2    #define   VIRTUAL
  87      =2  #endif
  88      =2  
  89      =2  
  90      =2  
  91      =2  
  92      =2  #ifdef __cplusplus
           =2 }
           =2 #endif
  95      =2  
  96      =2  #endif    /* _SYS_STD_H */
  97      =2  
  98      =2  /*------------------ end of file ---------------------------------------------*/
  18      =1  
  19      =1  
  20      =1  /*-- defined -----------------------------------------------------------------*/
  21      =1  
  22      =1  
  23      =1  typedef   u8_t   msg_size_t;
  24      =1  typedef   u8_t   msg_len_t;
  25      =1  
  26      =1  typedef  enum
  27      =1  {
  28      =1    MSG_MIS_MATCH,
  29      =1    MSG_MATCH,
  30      =1  }MsgMatch;
  31      =1  
  32      =1  typedef  struct
  33      =1  {
  34      =1    msg_len_t     len;
  35      =1    msg_size_t*   queue;  
  36      =1  }MsgQueDef;
  37      =1  
  38      =1  
  39      =1  
  40      =1  /*-- functions ---------------------------------------------------------------*/
  41      =1  extern s8_t        msg_queue_create(MsgQueDef* obj, msg_size_t* queue, \
  42      =1                                      msg_len_t len);
  43      =1  
  44      =1  extern void        msg_queue_broadcast(MsgQueDef* obj, msg_size_t msg); 
  45      =1                                    
  46      =1  extern MsgMatch    msg_queue_check(MsgQueDef* obj, msg_len_t index, \
  47      =1                                     msg_size_t msg);
  48      =1  
  49      =1  
  50      =1  
  51      =1  #endif    /* MSG_QUEUE_H */
  52      =1  
  53      =1  /*------------------ end of file ---------------------------------------------*/
  16          
  17          
  18          /*-- defined -----------------------------------------------------------------*/    
  19          
  20          
  21          
  22          
  23          
  24          /*-- private variables -------------------------------------------------------*/
  25          
  26          
  27          /*-- private functions -------------------------------------------------------*/
C51 COMPILER V9.00   MSG_QUEUE                                                             06/17/2020 10:18:50 PAGE 4   

  28          
  29          
  30          /*-- functions ---------------------------------------------------------------*/
  31          
  32          /** @function  
  33            * @brief   
  34            * @param       
  35            * @return  
  36            */
  37          s8_t  msg_queue_create(MsgQueDef* obj, msg_size_t* queue, msg_len_t len)
  38          {
  39   1        s8_t  XDATA  ret = 0;
  40   1      
  41   1        if(obj)
  42   1        {
  43   2          obj->len    = len;
  44   2          obj->queue  = queue;
  45   2        }
  46   1        else
  47   1        {
  48   2          ret = -1;   
  49   2        } 
  50   1      
  51   1        return ret;
  52   1      }
  53            
  54          
  55          /** @function  
  56            * @brief   
  57            * @param       
  58            * @return  
  59            */    
  60          void  msg_queue_broadcast(MsgQueDef* obj, msg_size_t msg)
  61          {
  62   1        msg_len_t  XDATA  num = 0;
  63   1      
  64   1        for(num=0; num<obj->len; num++)
  65   1        {
  66   2          obj->queue[num] = msg;
  67   2        }
  68   1      }
  69          
  70          
  71          /** @function  
  72            * @brief   
  73            * @param       
  74            * @return  
  75            */    
  76          MsgMatch  msg_queue_check(MsgQueDef* obj, msg_len_t index, msg_size_t msg)
  77          {
  78   1        MsgMatch XDATA ret;
  79   1      
  80   1        if(obj->queue[index] == msg)
  81   1        {
  82   2          ret = MSG_MATCH;
  83   2        }
  84   1        else
  85   1        {
  86   2          ret = MSG_MIS_MATCH;
  87   2        }
  88   1      
  89   1        return  msg;
C51 COMPILER V9.00   MSG_QUEUE                                                             06/17/2020 10:18:50 PAGE 5   

  90   1      }
  91          
  92          /*------------------ end of file ---------------------------------------------*/
C51 COMPILER V9.00   MSG_QUEUE                                                             06/17/2020 10:18:50 PAGE 6   

NAME                                    CLASS   MSPACE  TYPE    OFFSET  SIZE
====                                    =====   ======  ====    ======  ====


s8_t . . . . . . . . . . . . . . . . .  TYPEDEF  -----  CHAR     -----  1
MSG_MIS_MATCH. . . . . . . . . . . . .  E_CONST  -----  U_CHAR   -----  1
u8_t . . . . . . . . . . . . . . . . .  TYPEDEF  -----  U_CHAR   -----  1
OPERATE_OK . . . . . . . . . . . . . .  E_CONST  -----  U_CHAR   -----  1
OPERATE_FAIL . . . . . . . . . . . . .  E_CONST  -----  U_CHAR   -----  1
MsgMatch . . . . . . . . . . . . . . .  TYPEDEF  -----  U_CHAR   -----  1
OPERATE_TIMEOUT. . . . . . . . . . . .  E_CONST  -----  U_CHAR   -----  1
_msg_queue_create. . . . . . . . . . .  PUBLIC   CODE   PROC     0000H  -----
  obj. . . . . . . . . . . . . . . . .  AUTO     DATA   PTR      0000H  3
  queue. . . . . . . . . . . . . . . .  AUTO     DATA   PTR      0003H  3
  len. . . . . . . . . . . . . . . . .  AUTO     DATA   U_CHAR   0006H  1
  ret. . . . . . . . . . . . . . . . .  AUTO     XDATA  CHAR     0000H  1
s32_t. . . . . . . . . . . . . . . . .  TYPEDEF  -----  LONG     -----  4
u32_t. . . . . . . . . . . . . . . . .  TYPEDEF  -----  U_LONG   -----  4
s16_t. . . . . . . . . . . . . . . . .  TYPEDEF  -----  INT      -----  2
u16_t. . . . . . . . . . . . . . . . .  TYPEDEF  -----  U_INT    -----  2
_msg_queue_check . . . . . . . . . . .  PUBLIC   CODE   PROC     0000H  -----
  obj. . . . . . . . . . . . . . . . .  AUTO     DATA   PTR      0001H  3
  index. . . . . . . . . . . . . . . .  AUTO     DATA   U_CHAR   0005H  1
  msg. . . . . . . . . . . . . . . . .  AUTO     DATA   U_CHAR   0004H  1
  ret. . . . . . . . . . . . . . . . .  AUTO     XDATA  U_CHAR   0000H  1
MSG_MATCH. . . . . . . . . . . . . . .  E_CONST  -----  U_CHAR   -----  1
OPERATE_BUSY . . . . . . . . . . . . .  E_CONST  -----  U_CHAR   -----  1
msg_size_t . . . . . . . . . . . . . .  TYPEDEF  -----  U_CHAR   -----  1
OpsStatus. . . . . . . . . . . . . . .  TYPEDEF  -----  U_CHAR   -----  1
msg_len_t. . . . . . . . . . . . . . .  TYPEDEF  -----  U_CHAR   -----  1
MsgQueDef. . . . . . . . . . . . . . .  TYPEDEF  -----  STRUCT   -----  4
  len. . . . . . . . . . . . . . . . .  MEMBER   -----  U_CHAR   0000H  1
  queue. . . . . . . . . . . . . . . .  MEMBER   -----  PTR      0001H  3
_msg_queue_broadcast . . . . . . . . .  PUBLIC   CODE   PROC     0000H  -----
  obj. . . . . . . . . . . . . . . . .  AUTO     DATA   PTR      0000H  3
  msg. . . . . . . . . . . . . . . . .  * REG *  DATA   U_CHAR   0005H  1
  num. . . . . . . . . . . . . . . . .  AUTO     XDATA  U_CHAR   0000H  1


MODULE INFORMATION:   STATIC OVERLAYABLE
   CODE SIZE        =    149    ----
   CONSTANT SIZE    =   ----    ----
   XDATA SIZE       =   ----       3
   PDATA SIZE       =   ----    ----
   DATA SIZE        =   ----      15
   IDATA SIZE       =   ----    ----
   BIT SIZE         =   ----    ----
END OF MODULE INFORMATION.


C51 COMPILATION COMPLETE.  0 WARNING(S),  0 ERROR(S)
