C51 COMPILER V9.00   PRINT                                                                 06/16/2020 08:55:49 PAGE 1   


C51 COMPILER V9.00, COMPILATION OF MODULE PRINT
OBJECT MODULE PLACED IN ..\obj\print.obj
COMPILER INVOKED BY: D:\Program Files\KEILC51\files\C51\BIN\C51.EXE ..\..\user\print.c BROWSE DEBUG OBJECTEXTEND LISTINC
                    -LUDE SYMBOLS PRINT(.\print.lst) TABS(2) OBJECT(..\obj\print.obj)

line level    source

   1          /**
   2            ******************************************************************************
   3            * @file    
   4            * @author  
   5            * @version 
   6            * @date   
   7            * @brief    
   8                        %bd              十进制有符号整数
   9                        %bu              十进制无符号整数
  10                        %f               浮点数
  11                        %s               字符串
  12                        %c               单个字符
  13                        %p               指针的值
  14                        %e               指数形式的浮点数
  15                        %x, %X           无符号以十六进制表示的整数
  16                        %0               无符号以八进制表示的整数
  17                        %g               自动选择合适的表示法
  18                        %lf              表示输出double浮点数
  19            ******************************************************************************  
  20            * 
  21            * 
  22            ******************************************************************************
  23            */
  24          /*-- includes ----------------------------------------------------------------*/
  25          #include <stdarg.h>
   1      =1  /*--------------------------------------------------------------------------
   2      =1  STDARG.H
   3      =1  
   4      =1  Prototypes for variable argument lists.
   5      =1  Copyright (c) 1988-2002 Keil Elektronik GmbH and Keil Software, Inc.
   6      =1  All rights reserved.
   7      =1  --------------------------------------------------------------------------*/
   8      =1  
   9      =1  #ifndef __STDARG_H__
  10      =1  #define __STDARG_H__
  11      =1  
  12      =1  #ifndef NULL
  13      =1   #define NULL ((void *) 0)
  14      =1  #endif
  15      =1  
  16      =1  #ifndef _VA_LIST_DEFINED
  17      =1  typedef char *va_list;
  18      =1  #define _VA_LIST_DEFINED
  19      =1  #endif
  20      =1  
  21      =1  #define va_start(ap,v) ap = (va_list)&v + sizeof(v)
  22      =1  #define va_arg(ap,t) (((t *)ap)++[0])
  23      =1  #define va_end(ap)
  24      =1  
  25      =1  #endif
  26          #include "./print.h"
   1      =1  /**
   2      =1    ******************************************************************************
   3      =1    * @file    
C51 COMPILER V9.00   PRINT                                                                 06/16/2020 08:55:49 PAGE 2   

   4      =1    * @author  
   5      =1    * @version 
   6      =1    * @date   
   7      =1    * @brief   
   8      =1    ******************************************************************************  
   9      =1    * 
  10      =1    * 
  11      =1    ******************************************************************************
  12      =1    */
  13      =1  #ifndef    PRINT_H
  14      =1  #define    PRINT_H
  15      =1  
  16      =1  
  17      =1  /*-- includes  ---------------------------------------------------------------*/
  18      =1  #include "./system.h"
   1      =2  /**
   2      =2    ******************************************************************************
   3      =2    * @file    
   4      =2    * @author  
   5      =2    * @version 
   6      =2    * @date   
   7      =2    * @brief   
   8      =2    ******************************************************************************  
   9      =2    * 
  10      =2    * 
  11      =2    ******************************************************************************
  12      =2    */
  13      =2  #ifndef    SYSTEM_H
  14      =2  #define    SYSTEM_H
  15      =2  
  16      =2  
  17      =2  /*-- includes  ---------------------------------------------------------------*/
  18      =2  #include "../includes/_sys_config.h"
   1      =3  /**
   2      =3    ******************************************************************************
   3      =3    * @file    
   4      =3    * @author  
   5      =3    * @version 
   6      =3    * @date   
   7      =3    * @brief   
   8      =3    ******************************************************************************  
   9      =3    * 
  10      =3    * 
  11      =3    ******************************************************************************
  12      =3    */
  13      =3  #ifndef    _SYS_CONFIG_H
  14      =3  #define    _SYS_CONFIG_H
  15      =3  
  16      =3  
  17      =3  /* C++ support */
  18      =3  #ifdef __cplusplus
           =3 extern "C" {
           =3 #endif
  21      =3  
  22      =3  
  23      =3  #include "./_sys_std.h"
   1      =4  /**
   2      =4    ******************************************************************************
   3      =4    * @file    
   4      =4    * @author  
   5      =4    * @version 
   6      =4    * @date   
C51 COMPILER V9.00   PRINT                                                                 06/16/2020 08:55:49 PAGE 3   

   7      =4    * @brief   
   8      =4    ******************************************************************************  
   9      =4    * 
  10      =4    * 
  11      =4    ******************************************************************************
  12      =4    */
  13      =4  #ifndef  _SYS_STD_H
  14      =4  #define  _SYS_STD_H
  15      =4  
  16      =4  
  17      =4  /* C++支持 */
  18      =4  #ifdef __cplusplus
           =4 extern "C" {
           =4 #endif
  21      =4   
  22      =4  
  23      =4  
  24      =4  /*!< Signed integer types  */
  25      =4  typedef         signed char             s8_t;
  26      =4  typedef         signed int              s16_t;
  27      =4  typedef         signed long             s32_t;
  28      =4  
  29      =4  /*!< Unsigned integer types  */
  30      =4  typedef         unsigned char           u8_t;
  31      =4  typedef         unsigned int            u16_t;
  32      =4  typedef         unsigned long           u32_t;
  33      =4  
  34      =4  
  35      =4  #define       XDATA    xdata
  36      =4  #define       IDATA    idata
  37      =4  #define       BDATA    bdata
  38      =4  #define       DATA     data
  39      =4  #define       CODE     code
  40      =4  
  41      =4  
  42      =4  /* 把宏参数变为一个字符串 */
  43      =4  #define     _STRING(x)                  #x
  44      =4  #define     STRING(x)                   _STRING(x)
  45      =4  
  46      =4  /* 把宏参数连接在一起 */
  47      =4  #define     _CONNECT_MACRO(x,y)         x##y
  48      =4  #define     CONNECT_MACRO(x,y)          _CONNECT_MACRO(x,y)
  49      =4  
  50      =4  
  51      =4  /* 状态类型 */
  52      =4  typedef  enum
  53      =4  {
  54      =4    OPERATE_OK  = 0,
  55      =4    OPERATE_BUSY,
  56      =4    OPERATE_TIMEOUT,
  57      =4    OPERATE_FAIL,
  58      =4  }OpsStatus;
  59      =4  
  60      =4  
  61      =4  #ifndef  _IN_LINE_
  62      =4    #define  _IN_LINE_   inline
  63      =4  #endif
  64      =4  
  65      =4  #ifndef   BOOL
  66      =4    #define   BOOL      bool
  67      =4  #endif
  68      =4  
C51 COMPILER V9.00   PRINT                                                                 06/16/2020 08:55:49 PAGE 4   

  69      =4  #ifndef   NULL
           =4   #define   NULL     (void*)0
           =4 #endif
  72      =4  
  73      =4  
  74      =4  #ifndef  TRUE
  75      =4    #define   TRUE    1
  76      =4  #endif
  77      =4  
  78      =4  #ifndef  FALSE
  79      =4    #define   FALSE    0
  80      =4  #endif
  81      =4  
  82      =4  /* 纯虚函数关键字 */
  83      =4  #ifndef   VIRTUAL
  84      =4    #define   VIRTUAL
  85      =4  #endif
  86      =4  
  87      =4  
  88      =4  
  89      =4  
  90      =4  #ifdef __cplusplus
           =4 }
           =4 #endif
  93      =4  
  94      =4  #endif    /* _SYS_STD_H */
  95      =4  
  96      =4  /*------------------ end of file ---------------------------------------------*/
  24      =3  
  25      =3  
  26      =3  /*< Configure the watchdog function.  0: disable; 1:enable. >*/
  27      =3  #define     WDT_ENABLE                                 1
  28      =3  
  29      =3  /*< Log output configuration. 0: disable; 1:enable. >*/
  30      =3  #define     LOG_ENABLE                                 1
  31      =3  
  32      =3  /*< Console configuration. 0: disable; 1:enable. >*/
  33      =3  #define     CONSOLE_ENABLE                             1
  34      =3  
  35      =3  
  36      =3  
  37      =3  
  38      =3  /* C++ support */
  39      =3  #ifdef __cplusplus
           =3 }
           =3 #endif
  42      =3  
  43      =3  
  44      =3  #endif   /* _SYS_CONFIG_H */
  45      =3  
  46      =3  /*---------------------- end of file -----------------------------------------*/
  19      =2  #include "../mcu/hal_mcu.h"
   1      =3                                  /**
   2      =3    ******************************************************************************
   3      =3    * @file    
   4      =3    * @author  
   5      =3    * @version 
   6      =3    * @date   
   7      =3    * @brief   
   8      =3    ******************************************************************************  
   9      =3    * 
  10      =3    * 
C51 COMPILER V9.00   PRINT                                                                 06/16/2020 08:55:49 PAGE 5   

  11      =3    ******************************************************************************
  12      =3    */
  13      =3  #ifndef    HAL_MCU_H
  14      =3  #define    HAL_MCU_H
  15      =3  
  16      =3  
  17      =3  /*-- includes  ---------------------------------------------------------------*/
  18      =3  #include "../includes/_sys_config.h"
   1      =4  /**
   2      =4    ******************************************************************************
   3      =4    * @file    
   4      =4    * @author  
   5      =4    * @version 
   6      =4    * @date   
   7      =4    * @brief   
   8      =4    ******************************************************************************  
   9      =4    * 
  10      =4    * 
  11      =4    ******************************************************************************
  12      =4    */
  13      =4  #ifndef    _SYS_CONFIG_H
           =4 #define    _SYS_CONFIG_H
           =4 
           =4 
           =4 /* C++ support */
           =4 #ifdef __cplusplus
           =4 extern "C" {
           =4 #endif
           =4 
           =4 
           =4 #include "./_sys_std.h"
           =4 
           =4 
           =4 /*< Configure the watchdog function.  0: disable; 1:enable. >*/
           =4 #define     WDT_ENABLE                                 1
           =4 
           =4 /*< Log output configuration. 0: disable; 1:enable. >*/
           =4 #define     LOG_ENABLE                                 1
           =4 
           =4 /*< Console configuration. 0: disable; 1:enable. >*/
           =4 #define     CONSOLE_ENABLE                             1
           =4 
           =4 
           =4 
           =4 
           =4 /* C++ support */
           =4 #ifdef __cplusplus
           =4 }
           =4 #endif
           =4 
           =4 
           =4 #endif   /* _SYS_CONFIG_H */
  45      =4  
  46      =4  /*---------------------- end of file -----------------------------------------*/
  19      =3  
  20      =3  
  21      =3  
  22      =3  /*-- defined  ----------------------------------------------------------------*/
  23      =3  
  24      =3  
  25      =3  
  26      =3  
C51 COMPILER V9.00   PRINT                                                                 06/16/2020 08:55:49 PAGE 6   

  27      =3  /*-- functions  ---------------------------------------------------------------*/
  28      =3  extern     void           mcu_reset(void);
  29      =3  
  30      =3  extern     void           mcu_wdt_start(void);
  31      =3  extern     void           mcu_wdt_feed(void);
  32      =3  
  33      =3  
  34      =3  #endif   /* HAL_MCU_H */
  35      =3  
  36      =3  /*---------------------- end of file -----------------------------------------*/
  20      =2  
  21      =2  #include "../common/task_def.h"
   1      =3  /**
   2      =3    ******************************************************************************
   3      =3    * @file    
   4      =3    * @author  
   5      =3    * @version 
   6      =3    * @date   
   7      =3    * @brief   os_switch_task()   
   8      =3                --When TIMESHARING=0, it must call this function to switch task.
   9      =3    ******************************************************************************  
  10      =3    * 
  11      =3    * 
  12      =3    ******************************************************************************
  13      =3    */
  14      =3  #ifndef    TASK_DEF_H
  15      =3  #define    TASK_DEF_H
  16      =3  
  17      =3  
  18      =3  /*-- includes  ---------------------------------------------------------------*/
  19      =3  #include "../includes/_sys_config.h"
   1      =4  /**
   2      =4    ******************************************************************************
   3      =4    * @file    
   4      =4    * @author  
   5      =4    * @version 
   6      =4    * @date   
   7      =4    * @brief   
   8      =4    ******************************************************************************  
   9      =4    * 
  10      =4    * 
  11      =4    ******************************************************************************
  12      =4    */
  13      =4  #ifndef    _SYS_CONFIG_H
           =4 #define    _SYS_CONFIG_H
           =4 
           =4 
           =4 /* C++ support */
           =4 #ifdef __cplusplus
           =4 extern "C" {
           =4 #endif
           =4 
           =4 
           =4 #include "./_sys_std.h"
           =4 
           =4 
           =4 /*< Configure the watchdog function.  0: disable; 1:enable. >*/
           =4 #define     WDT_ENABLE                                 1
           =4 
           =4 /*< Log output configuration. 0: disable; 1:enable. >*/
           =4 #define     LOG_ENABLE                                 1
           =4 
C51 COMPILER V9.00   PRINT                                                                 06/16/2020 08:55:49 PAGE 7   

           =4 /*< Console configuration. 0: disable; 1:enable. >*/
           =4 #define     CONSOLE_ENABLE                             1
           =4 
           =4 
           =4 
           =4 
           =4 /* C++ support */
           =4 #ifdef __cplusplus
           =4 }
           =4 #endif
           =4 
           =4 
           =4 #endif   /* _SYS_CONFIG_H */
  45      =4  
  46      =4  /*---------------------- end of file -----------------------------------------*/
  20      =3  
  21      =3  #include <rtx51tny.h>
   1      =4  /*--------------------------------------------------------------------------
   2      =4  RTX51TNY.H
   3      =4  
   4      =4  Prototypes for RTX51 Tiny Real-Time Operating System Version 2.02
   5      =4  Copyright (c) 1988-2002 Keil Elektronik GmbH and Keil Software, Inc.
   6      =4  All rights reserved.
   7      =4  --------------------------------------------------------------------------*/
   8      =4  
   9      =4  #ifndef __RTX51TNY_H__
  10      =4  #define __RTX51TNY_H__
  11      =4  
  12      =4  
  13      =4  /* constants for os_wait function */
  14      =4  #define K_SIG      0x01              /* Wait for Signal   */
  15      =4  #define K_TMO      0x02              /* Wait for Timeout  */
  16      =4  #define K_IVL      0x80              /* Wait for Interval */
  17      =4  
  18      =4  /* function return values */
  19      =4  #define NOT_OK     0xFF              /* Parameter Error */
  20      =4  #define TMO_EVENT  0x08              /* Timeout Event   */
  21      =4  #define SIG_EVENT  0x04              /* Signal  Event   */
  22      =4  #define RDY_EVENT  0x80              /* Ready   Event   */
  23      =4  
  24      =4  extern unsigned char os_create_task     (unsigned char task_id);
  25      =4  extern unsigned char os_delete_task     (unsigned char task_id);
  26      =4  
  27      =4  extern unsigned char os_wait            (unsigned char typ, 
  28      =4                                           unsigned char ticks,
  29      =4                                           unsigned int dummy);
  30      =4  extern unsigned char os_wait1           (unsigned char typ);
  31      =4  extern unsigned char os_wait2           (unsigned char typ,
  32      =4                                           unsigned char ticks);
  33      =4  
  34      =4  extern unsigned char os_send_signal     (unsigned char task_id);
  35      =4  extern unsigned char os_clear_signal    (unsigned char task_id);
  36      =4  extern unsigned char isr_send_signal    (unsigned char task_id);
  37      =4  
  38      =4  extern void          os_set_ready       (unsigned char task_id);
  39      =4  extern void          isr_set_ready      (unsigned char task_id);
  40      =4  
  41      =4  extern unsigned char os_running_task_id (void);
  42      =4  extern unsigned char os_switch_task     (void); 
  43      =4  
  44      =4  extern void          os_reset_interval  (unsigned char ticks);
  45      =4  
C51 COMPILER V9.00   PRINT                                                                 06/16/2020 08:55:49 PAGE 8   

  46      =4  #endif
  22      =3  
  23      =3  
  24      =3  /*-- defined  ----------------------------------------------------------------*/
  25      =3  /*< User defined. >*/
  26      =3  #define      GET_SYS_TICK()                   get_systick()
  27      =3  
  28      =3  
  29      =3  
  30      =3  /*< Task run period. >*/
  31      =3  #define      TASK_PERIOD                      TIMESHARING
  32      =3  
  33      =3  
  34      =3  
  35      =3  /*< Task timer defined. >*/
  36      =3  #define      TASK_TIMER_BEGIN(tick, period)                                    \
  37      =3               do{                                                               \
  38      =3                   if((GET_SYS_TICK()-tick) >= period)                           \
  39      =3                   {                                                             \
  40      =3                     tick = GET_SYS_TICK();                                       
  41      =3  
  42      =3  #define      TASK_TIMER_END(tick)                                              \ 
  43      =3                   }                                                             \                
  44      =3               }while(0)
  45      =3  
  46      =3  
  47      =3  
  48      =3  
  49      =3  
  50      =3  #endif   /* MAIN_H */
  51      =3  
  52      =3  /*---------------------- end of file -----------------------------------------*/
  22      =2  #include "../common/ring_buffer.h"
   1      =3  /**
   2      =3    ******************************************************************************
   3      =3    * @file    
   4      =3    * @author  
   5      =3    * @version 
   6      =3    * @date   
   7      =3    * @brief   
   8      =3    ******************************************************************************  
   9      =3    * 
  10      =3    * 
  11      =3    ******************************************************************************
  12      =3    */
  13      =3  #ifndef  RING_BUFFER_H
  14      =3  #define  RING_BUFFER_H
  15      =3  
  16      =3  /*-- includes ----------------------------------------------------------------*/
  17      =3  #include "../includes/_sys_std.h"
   1      =4  /**
   2      =4    ******************************************************************************
   3      =4    * @file    
   4      =4    * @author  
   5      =4    * @version 
   6      =4    * @date   
   7      =4    * @brief   
   8      =4    ******************************************************************************  
   9      =4    * 
  10      =4    * 
  11      =4    ******************************************************************************
  12      =4    */
C51 COMPILER V9.00   PRINT                                                                 06/16/2020 08:55:49 PAGE 9   

  13      =4  #ifndef  _SYS_STD_H
           =4 #define  _SYS_STD_H
           =4 
           =4 
           =4 /* C++支持 */
           =4 #ifdef __cplusplus
           =4 extern "C" {
           =4 #endif
           =4  
           =4 
           =4 
           =4 /*!< Signed integer types  */
           =4 typedef         signed char             s8_t;
           =4 typedef         signed int              s16_t;
           =4 typedef         signed long             s32_t;
           =4 
           =4 /*!< Unsigned integer types  */
           =4 typedef         unsigned char           u8_t;
           =4 typedef         unsigned int            u16_t;
           =4 typedef         unsigned long           u32_t;
           =4 
           =4 
           =4 #define       XDATA    xdata
           =4 #define       IDATA    idata
           =4 #define       BDATA    bdata
           =4 #define       DATA     data
           =4 #define       CODE     code
           =4 
           =4 
           =4 /* 把宏参数变为一个字符串 */
           =4 #define     _STRING(x)                  #x
           =4 #define     STRING(x)                   _STRING(x)
           =4 
           =4 /* 把宏参数连接在一起 */
           =4 #define     _CONNECT_MACRO(x,y)         x##y
           =4 #define     CONNECT_MACRO(x,y)          _CONNECT_MACRO(x,y)
           =4 
           =4 
           =4 /* 状态类型 */
           =4 typedef  enum
           =4 {
           =4   OPERATE_OK  = 0,
           =4   OPERATE_BUSY,
           =4   OPERATE_TIMEOUT,
           =4   OPERATE_FAIL,
           =4 }OpsStatus;
           =4 
           =4 
           =4 #ifndef  _IN_LINE_
           =4   #define  _IN_LINE_   inline
           =4 #endif
           =4 
           =4 #ifndef   BOOL
           =4   #define   BOOL      bool
           =4 #endif
           =4 
           =4 #ifndef   NULL
           =4   #define   NULL     (void*)0
           =4 #endif
           =4 
           =4 
           =4 #ifndef  TRUE
C51 COMPILER V9.00   PRINT                                                                 06/16/2020 08:55:49 PAGE 10  

           =4   #define   TRUE    1
           =4 #endif
           =4 
           =4 #ifndef  FALSE
           =4   #define   FALSE    0
           =4 #endif
           =4 
           =4 /* 纯虚函数关键字 */
           =4 #ifndef   VIRTUAL
           =4   #define   VIRTUAL
           =4 #endif
           =4 
           =4 
           =4 
           =4 
           =4 #ifdef __cplusplus
           =4 }
           =4 #endif
           =4 
           =4 #endif    /* _SYS_STD_H */
  95      =4  
  96      =4  /*------------------ end of file ---------------------------------------------*/
  18      =3  
  19      =3  
  20      =3  /*-- defined -----------------------------------------------------------------*/
  21      =3  
  22      =3  
  23      =3  
  24      =3  
  25      =3  /*-- typedef -----------------------------------------------------------------*/
  26      =3  typedef    u8_t     rb_depth_t;
  27      =3  typedef    u8_t     rb_data_type;
  28      =3  
  29      =3  
  30      =3  //struct  RingBuffStruct;
  31      =3  
  32      =3  struct  RingBuffStruct  
  33      =3  {
  34      =3    rb_depth_t      posPut;    /* The current location of the ring buffer. */
  35      =3    rb_depth_t      posGet;    /* The current fetch position of the buffer. */
  36      =3    rb_depth_t      depth;     /* The total number of elements in the ring buffer. */
  37      =3    rb_depth_t      remain;
  38      =3    
  39      =3    rb_data_type*   ptBuffer;  /* Ring buffer pointer. */
  40      =3  };
  41      =3  
  42      =3  typedef  struct  RingBuffStruct  RingBuffObj;
  43      =3  
  44      =3  
  45      =3  /*-- functions ---------------------------------------------------------------*/
  46      =3  extern    void            ring_buff_create(RingBuffObj* obj, rb_depth_t depth, \
  47      =3                                             rb_data_type* ptBuffer);
  48      =3  extern    rb_depth_t      check_ring_buff(RingBuffObj* thiz);
  49      =3  extern    rb_data_type    get_ring_buff_data(RingBuffObj* thiz);
  50      =3  extern    void            put_ring_buff_data(RingBuffObj* thiz, rb_data_type dat);
  51      =3  
  52      =3  
  53      =3  #endif    /* RING_BUFFER_H */
  54      =3  
  55      =3  /*------------------ end of file ---------------------------------------------*/
  23      =2  
  24      =2  
C51 COMPILER V9.00   PRINT                                                                 06/16/2020 08:55:49 PAGE 11  

  25      =2  
  26      =2  
  27      =2  /*-- defined  ----------------------------------------------------------------*/
  28      =2  typedef      u8_t                             tick_size_t;
  29      =2  
  30      =2  
  31      =2  #define      SYSTEM_TASK_PRIORITY             0
  32      =2  #define      BUTTON_TASK_PRIORITY             1
  33      =2  #define      LED_TASK_PRIORITY                2
  34      =2  #define      BMS_TASK_PRIORITY                3
  35      =2  #define      PRINT_TASK_PRIORITY              4
  36      =2  #define      CONSOLE_TASK_PRIORITY            5
  37      =2  
  38      =2  
  39      =2  
  40      =2  /*-- functions  ---------------------------------------------------------------*/
  41      =2  extern     tick_size_t    get_systick(void);
  42      =2  
  43      =2  
  44      =2  
  45      =2  
  46      =2  #endif   /* SYSTEM_H */
  47      =2  
  48      =2  /*---------------------- end of file -----------------------------------------*/
  19      =1  
  20      =1  
  21      =1  
  22      =1  /*-- defined  ----------------------------------------------------------------*/
  23      =1  
  24      =1  
  25      =1  /*< Log configuration. >*/
  26      =1  #if   LOG_ENABLE
  27      =1    #define         LOG              printf 
  28      =1  #else 
           =1   #define         LOG 
           =1 #endif 
  31      =1  
  32      =1  
  33      =1  
  34      =1  typedef   void  (*PrintRxCallbackFunc)(u8_t dat);
  35      =1  
  36      =1  
  37      =1  
  38      =1  /*-- functions  ---------------------------------------------------------------*/
  39      =1  extern   void     print_rx_callback_register(PrintRxCallbackFunc  func);
  40      =1  extern   void     my_printf(char * c, ...);
  41      =1  
  42      =1  
  43      =1  #endif   /* PRINT_H */
  44      =1  
  45      =1  /*---------------------- end of file -----------------------------------------*/
  27          
  28          
  29          #if     LOG_ENABLE
  30          
  31          /*-- defined -----------------------------------------------------------------*/
  32          
  33          
  34          
  35          
  36          /*-- private variables -------------------------------------------------------*/
  37          static  bit    BIT_TMP;
C51 COMPILER V9.00   PRINT                                                                 06/16/2020 08:55:49 PAGE 12  

  38          
  39          static    PrintRxCallbackFunc   rxCallbackPt = NULL;
  40          
  41          /*-- functions ---------------------------------------------------------------*/
  42          
  43          
  44          /**           
  45            * @brief      for UART_printf      
  46            * @param    
  47            * @return  
  48            * @note
  49            */
  50          char putchar (char c)
  51          {
  52   1        while (!TI);
*** ERROR C202 IN LINE 52 OF ..\..\USER\PRINT.C: 'TI': undefined identifier
  53   1        TI = 0;
*** ERROR C202 IN LINE 53 OF ..\..\USER\PRINT.C: 'TI': undefined identifier
  54   1        return (SBUF = c);
*** ERROR C202 IN LINE 54 OF ..\..\USER\PRINT.C: 'SBUF': undefined identifier
  55   1      }
  56          
  57          
  58          /**           
  59            * @brief            
  60            * @param    
  61            * @return  
  62            * @note
  63            */
  64          static  void  mcu_uart0_timer1(u32_t u32Baudrate)   
  65          {
  66   1        clr_EA;
*** ERROR C202 IN LINE 66 OF ..\..\USER\PRINT.C: 'clr_EA': undefined identifier
  67   1      
  68   1        P06_Quasi_Mode;   /* Setting UART pin as Quasi mode for transmit */
*** ERROR C202 IN LINE 68 OF ..\..\USER\PRINT.C: 'P06_Quasi_Mode': undefined identifier
  69   1        P07_Quasi_Mode;   /* Setting UART pin as Quasi mode for transmit */
*** ERROR C202 IN LINE 69 OF ..\..\USER\PRINT.C: 'P07_Quasi_Mode': undefined identifier
  70   1        
  71   1        SCON = 0x50;      /* UART0 Mode1,REN=1,TI=0 */
*** ERROR C202 IN LINE 71 OF ..\..\USER\PRINT.C: 'SCON': undefined identifier
  72   1        TMOD |= 0x20;     /* Timer1 Mode1 */
*** ERROR C202 IN LINE 72 OF ..\..\USER\PRINT.C: 'TMOD': undefined identifier
  73   1          
  74   1        set_SMOD;         /* UART0 Double Rate Enable */
*** ERROR C202 IN LINE 74 OF ..\..\USER\PRINT.C: 'set_SMOD': undefined identifier
  75   1        set_T1M;
*** ERROR C202 IN LINE 75 OF ..\..\USER\PRINT.C: 'set_T1M': undefined identifier
  76   1        clr_BRCK;         /* Serial port 0 baud rate clock source = Timer1 */
*** ERROR C202 IN LINE 76 OF ..\..\USER\PRINT.C: 'clr_BRCK': undefined identifier
  77   1       
  78   1        TH1 = 256 - (1000000/u32Baudrate+1);          /*16 MHz */   
*** ERROR C202 IN LINE 78 OF ..\..\USER\PRINT.C: 'TH1': undefined identifier
  79   1      
  80   1        clr_ET1;
*** ERROR C202 IN LINE 80 OF ..\..\USER\PRINT.C: 'clr_ET1': undefined identifier
  81   1        set_TR1;          /* Enable timer1. */
*** ERROR C202 IN LINE 81 OF ..\..\USER\PRINT.C: 'set_TR1': undefined identifier
  82   1        
  83   1        set_TI;           /* For printf function must setting TI = 1 */
*** ERROR C202 IN LINE 83 OF ..\..\USER\PRINT.C: 'set_TI': undefined identifier
  84   1      
C51 COMPILER V9.00   PRINT                                                                 06/16/2020 08:55:49 PAGE 13  

  85   1        set_ES;           /* Enable Uart interrupt. */
*** ERROR C202 IN LINE 85 OF ..\..\USER\PRINT.C: 'set_ES': undefined identifier
  86   1        set_EA;           /* Enable global interrupt */ 
*** ERROR C202 IN LINE 86 OF ..\..\USER\PRINT.C: 'set_EA': undefined identifier
  87   1      }
  88          
  89          
  90          /**           
  91            * @brief            
  92            * @param    
  93            * @return  
  94            * @note
  95            */
  96          void  uart0_interrupt_ISR(void)  interrupt  4
  97          {
  98   1        u8_t  dat = 0;  
  99   1      
 100   1        /* if reception occur */
 101   1        if(RI)
*** ERROR C202 IN LINE 101 OF ..\..\USER\PRINT.C: 'RI': undefined identifier
 102   1        {
 103   2          clr_RI; 
*** ERROR C202 IN LINE 103 OF ..\..\USER\PRINT.C: 'clr_RI': undefined identifier
 104   2      
 105   2          dat = SBUF;
*** ERROR C202 IN LINE 105 OF ..\..\USER\PRINT.C: 'SBUF': undefined identifier
 106   2          if(rxCallbackPt)
 107   2          {
 108   3            rxCallbackPt(dat);
 109   3          }
 110   2        }
 111   1      
 112   1         /* if transmit occur */
 113   1      #if  0     /* When use <stdio.h> printf function, this function must remove.  */
                if(TI)
                {
                  clr_TI; 
                }
              #endif
 119   1      }
 120          
 121          
 122          
 123          /**           
 124            * @brief            
 125            * @param    
 126            * @return  
 127            * @note
 128            */
 129          void   print_rx_callback_register(PrintRxCallbackFunc  func)
 130          {
 131   1        rxCallbackPt = func;
 132   1      }
 133          
 134          
 135          /**           
 136            * @brief            
 137            * @param    
 138            * @return  
 139            * @note
 140            */
 141          void  print_task (void)  _task_   PRINT_TASK_PRIORITY
C51 COMPILER V9.00   PRINT                                                                 06/16/2020 08:55:49 PAGE 14  

 142          {
 143   1      #if     LOG_ENABLE
 144   1        mcu_uart0_timer1(115200);
 145   1      #endif
 146   1      
 147   1        while(1)
 148   1        {
 149   2          
 150   2        }
 151   1      }
 152          
 153          
 154          #endif   /* endif  LOG_ENABLE */
 155          
 156          
 157          
 158          /*---------------------- end of file -----------------------------------------*/

C51 COMPILATION COMPLETE.  0 WARNING(S),  20 ERROR(S)
